<?xml version="1.0" encoding="UTF-8" ?>
<testsuite tests="3" failures="0" name="com.interface21.util.ClassLoaderUtilsTest" time="0.04" errors="0" skipped="0">
    <properties>
[...]
</properties>
    <testcase classname="com.interface21.util.ClassLoaderUtilsTest" name="showClassLoaderHierarchy1" time="0.002"/>
    <testcase classname="com.interface21.util.ClassLoaderUtilsTest" name="getResourceAsStream" time="0.038"/>
    <testcase classname="com.interface21.util.ClassLoaderUtilsTest" name="showClassLoaderHierarchy" time="0"/>
</testsuite>